sub-image matched at: 73, 630, 85, 660
sub-image matched at: 120, 310, 132, 340
sub-image matched at: 202, 677, 214, 707
sub-image matched at: 226, 864, 238, 894
sub-image matched at: 274, 67, 286, 97
Number of matches: 5
	Command being timed: "./my_program images/TestImage.png images/and_mask.png result.png true 75 16"
	User time (seconds): 21.27
	System time (seconds): 0.00
	Percent of CPU this job got: 99%
	Elapsed (wall clock) time (h:mm:ss or m:ss): 0:21.33
	Average shared text size (kbytes): 0
	Average unshared data size (kbytes): 0
	Average stack size (kbytes): 0
	Average total size (kbytes): 0
	Maximum resident set size (kbytes): 13320
	Average resident set size (kbytes): 0
	Major (requiring I/O) page faults: 1
	Minor (reclaiming a frame) page faults: 4826
	Voluntary context switches: 30
	Involuntary context switches: 78
	Swaps: 0
	File system inputs: 1272
	File system outputs: 24
	Socket messages sent: 0
	Socket messages received: 0
	Signals delivered: 0
	Page size (bytes): 4096
	Exit status: 0
