sub-image matched at: 1211, 714, 1306, 829
sub-image matched at: 1315, 727, 1410, 842
sub-image matched at: 1318, 728, 1413, 843
Number of matches: 3
	Command being timed: "./my_program images/Mammogram.png images/Cancer_mask.png result.png true 75 32"
	User time (seconds): 693.29
	System time (seconds): 0.05
	Percent of CPU this job got: 99%
	Elapsed (wall clock) time (h:mm:ss or m:ss): 11:35.03
	Average shared text size (kbytes): 0
	Average unshared data size (kbytes): 0
	Average stack size (kbytes): 0
	Average total size (kbytes): 0
	Maximum resident set size (kbytes): 16304
	Average resident set size (kbytes): 0
	Major (requiring I/O) page faults: 1
	Minor (reclaiming a frame) page faults: 7920
	Voluntary context switches: 24
	Involuntary context switches: 9096
	Swaps: 0
	File system inputs: 120
	File system outputs: 32
	Socket messages sent: 0
	Socket messages received: 0
	Signals delivered: 0
	Page size (bytes): 4096
	Exit status: 0
