sub-image matched at: 1318, 717, 1413, 832
sub-image matched at: 1319, 723, 1414, 838
sub-image matched at: 1322, 728, 1417, 843
sub-image matched at: 1211, 714, 1306, 829
Number of matches: 4
	Command being timed: "./my_program images/Mammogram.png images/Cancer_mask.png result.png true 75 32"
	User time (seconds): 703.00
	System time (seconds): 0.08
	Percent of CPU this job got: 795%
	Elapsed (wall clock) time (h:mm:ss or m:ss): 1:28.43
	Average shared text size (kbytes): 0
	Average unshared data size (kbytes): 0
	Average stack size (kbytes): 0
	Average total size (kbytes): 0
	Maximum resident set size (kbytes): 16376
	Average resident set size (kbytes): 0
	Major (requiring I/O) page faults: 1
	Minor (reclaiming a frame) page faults: 5948
	Voluntary context switches: 38
	Involuntary context switches: 1989
	Swaps: 0
	File system inputs: 1408
	File system outputs: 24
	Socket messages sent: 0
	Socket messages received: 0
	Signals delivered: 0
	Page size (bytes): 4096
	Exit status: 0
