sub-image matched at: 274, 67, 286, 97
sub-image matched at: 73, 630, 85, 660
sub-image matched at: 120, 310, 132, 340
sub-image matched at: 202, 677, 214, 707
sub-image matched at: 226, 864, 238, 894
Number of matches: 5
	Command being timed: "./my_program images/TestImage.png images/and_mask.png result.png true 75 16"
	User time (seconds): 20.51
	System time (seconds): 0.01
	Percent of CPU this job got: 385%
	Elapsed (wall clock) time (h:mm:ss or m:ss): 0:05.31
	Average shared text size (kbytes): 0
	Average unshared data size (kbytes): 0
	Average stack size (kbytes): 0
	Average total size (kbytes): 0
	Maximum resident set size (kbytes): 13324
	Average resident set size (kbytes): 0
	Major (requiring I/O) page faults: 1
	Minor (reclaiming a frame) page faults: 2770
	Voluntary context switches: 37
	Involuntary context switches: 30
	Swaps: 0
	File system inputs: 1272
	File system outputs: 8
	Socket messages sent: 0
	Socket messages received: 0
	Signals delivered: 0
	Page size (bytes): 4096
	Exit status: 0
